<?xml version="1.0" encoding="UTF-8"?>
<testsuites name="SubscribeValidation_TS" time="10" tests="1" failures="0" errors="0">
   <testsuite name="SubscribeValidation_TS" tests="1" failures="0" errors="0" time="10" timestamp="2018-12-04 10:48:43" hostname="DESKTOP-7ABMVOM$ - DESKTOP-7ABMVOM" id="Test Suites/SubscribeValidation_TS">
      <properties>
         <property name="deviceName" value=""/>
         <property name="devicePlatform" value=""/>
         <property name="logFolder" value="C:\\Users\\HadyanTarisAkbar\\Katalon Studio\\FutureadyFirstProject\\Reports\\SubscribeValidation_TS\\20181204_104842"/>
         <property name="logFiles" value="C:\\Users\\HadyanTarisAkbar\\Katalon Studio\\FutureadyFirstProject\\Reports\\SubscribeValidation_TS\\20181204_104842\\execution0.log"/>
         <property name="attachments" value=""/>
         <property name="hostName" value="DESKTOP-7ABMVOM$ - DESKTOP-7ABMVOM"/>
         <property name="os" value="Windows 10 64bit"/>
         <property name="katalonVersion" value="5.9.1.2"/>
         <property name="browser" value="Firefox 63.0"/>
         <property name="hostAddress" value="172.16.26.48"/>
         <property name="sessionId" value="c9143ba4-cd15-4a77-92d0-06c4421e8691"/>
         <property name="seleniumVersion" value="3.7.1"/>
         <property name="proxyInformation" value="ProxyInformation{proxyOption=NO_PROXY, proxyServerType=HTTP, password=, proxyServerAddress=, proxyServerPort=0}"/>
         <property name="platform" value="Windows 10"/>
      </properties>
      <testcase name="Test Cases/FutureadyLogin" classname="Test Cases/FutureadyLogin" status="PASSED">
         <system-out><![CDATA[2018-12-04 10:48:44 - [TEST_CASE][PASSED] - Test Cases/FutureadyLogin: Test Cases/FutureadyLogin

2018-12-04 10:48:44 - [TEST_STEP][PASSED] - openBrowser(""): Browser is opened with url: ''

2018-12-04 10:48:44 - [MESSAGE][INFO] - Starting 'Firefox' driver

2018-12-04 10:48:44 - [MESSAGE][INFO] - Action delay is set to 0 seconds

2018-12-04 10:48:48 - [MESSAGE][PASSED] - Browser is opened with url: ''

2018-12-04 10:48:48 - [TEST_STEP][PASSED] - navigateToUrl("https://www.futuready.com/"): Navigate to 'https://www.futuready.com/' successfully

2018-12-04 10:48:51 - [MESSAGE][PASSED] - Navigate to 'https://www.futuready.com/' successfully

2018-12-04 10:48:51 - [TEST_STEP][PASSED] - click(findTestObject("SubscribeValidation_OR/Page_Futuready Supermarket Asuransi/a_Masuk")): Object: 'Object Repository/SubscribeValidation_OR/Page_Futuready Supermarket Asuransi/a_Masuk' is clicked on

2018-12-04 10:48:52 - [MESSAGE][PASSED] - Object: 'Object Repository/SubscribeValidation_OR/Page_Futuready Supermarket Asuransi/a_Masuk' is clicked on

2018-12-04 10:48:52 - [TEST_STEP][PASSED] - setText(findTestObject("SubscribeValidation_OR/Page_Futuready Supermarket Asuransi/input_Masuk Futuready_email"), "hadyantaris@outlook.com"): Text 'hadyantaris@outlook.com' is set on object 'Object Repository/SubscribeValidation_OR/Page_Futuready Supermarket Asuransi/input_Masuk Futuready_email'

2018-12-04 10:48:52 - [MESSAGE][PASSED] - Text 'hadyantaris@outlook.com' is set on object 'Object Repository/SubscribeValidation_OR/Page_Futuready Supermarket Asuransi/input_Masuk Futuready_email'

2018-12-04 10:48:52 - [TEST_STEP][PASSED] - setEncryptedText(findTestObject("SubscribeValidation_OR/Page_Futuready Supermarket Asuransi/input_Masuk Futuready_password"), "fdb7XptOiRBV7ErEd46qXQ=="): Text ****** has been set on object 'Object Repository/SubscribeValidation_OR/Page_Futuready Supermarket Asuransi/input_Masuk Futuready_password'

2018-12-04 10:48:52 - [MESSAGE][PASSED] - Text ****** has been set on object 'Object Repository/SubscribeValidation_OR/Page_Futuready Supermarket Asuransi/input_Masuk Futuready_password'

2018-12-04 10:48:52 - [TEST_STEP][PASSED] - click(findTestObject("SubscribeValidation_OR/Page_Futuready Supermarket Asuransi/button_Masuk")): Object: 'Object Repository/SubscribeValidation_OR/Page_Futuready Supermarket Asuransi/button_Masuk' is clicked on

2018-12-04 10:48:53 - [MESSAGE][PASSED] - Object: 'Object Repository/SubscribeValidation_OR/Page_Futuready Supermarket Asuransi/button_Masuk' is clicked on

2018-12-04 10:48:53 - [TEST_STEP][PASSED] - click(findTestObject("SubscribeValidation_OR/Page_Futuready Supermarket Asuransi/button_Langganan")): Object: 'Object Repository/SubscribeValidation_OR/Page_Futuready Supermarket Asuransi/button_Langganan' is clicked on

2018-12-04 10:48:53 - [MESSAGE][PASSED] - Object: 'Object Repository/SubscribeValidation_OR/Page_Futuready Supermarket Asuransi/button_Langganan' is clicked on

2018-12-04 10:48:53 - [TEST_STEP][PASSED] - click(findTestObject("SubscribeValidation_OR/Page_Futuready Supermarket Asuransi/label_Data wajib diisi")): Object: 'Object Repository/SubscribeValidation_OR/Page_Futuready Supermarket Asuransi/label_Data wajib diisi' is clicked on

2018-12-04 10:48:54 - [MESSAGE][PASSED] - Object: 'Object Repository/SubscribeValidation_OR/Page_Futuready Supermarket Asuransi/label_Data wajib diisi' is clicked on

2018-12-04 10:48:54 - [TEST_STEP][PASSED] - verifyElementPresent(findTestObject("SubscribeValidation_OR/Page_Futuready Supermarket Asuransi/label_Data wajib diisi"), 0): Object 'Object Repository/SubscribeValidation_OR/Page_Futuready Supermarket Asuransi/label_Data wajib diisi' is present

2018-12-04 10:48:54 - [MESSAGE][WARNING] - Timeout '0' is invalid. Using default page load timeout: '30'

2018-12-04 10:48:54 - [MESSAGE][PASSED] - Object 'Object Repository/SubscribeValidation_OR/Page_Futuready Supermarket Asuransi/label_Data wajib diisi' is present

2018-12-04 10:48:54 - [TEST_STEP][PASSED] - closeBrowser(): Browser is closed

2018-12-04 10:48:54 - [MESSAGE][PASSED] - Browser is closed]]></system-out>
         <system-err><![CDATA[]]></system-err>
      </testcase>
      <system-out><![CDATA[2018-12-04 10:48:43 - [TEST_SUITE][PASSED] - SubscribeValidation_TS: Test Cases/FutureadyLogin]]></system-out>
      <system-err><![CDATA[]]></system-err>
   </testsuite>
</testsuites>
